Running in Lattice mode


Starting:    C:\ispLEVER_Classic2_0\synpbase\win64\mbin\synbatch.exe
Install:     C:\ispLEVER_Classic2_0\synpbase
Date:        Tue Sep 27 13:54:24 2016
Version:     I-2014.03LC 

Arguments:   -product synplify_pro  -batch c:/isplever_classic2_0/examples/gr48_byggern_isplever_gal\address_decoder.prj
ProductType: synplify_pro





log file: "C:\isplever_classic2_0\examples\gr48_byggern_isplever_gal\address_decoder.srr"

Running address_decoder|gr48_byggern_isplever_gal

Running: Compile on address_decoder|gr48_byggern_isplever_gal

Running: Compile Process on address_decoder|gr48_byggern_isplever_gal

Running: Compile Input on address_decoder|gr48_byggern_isplever_gal
Copied C:\isplever_classic2_0\examples\gr48_byggern_isplever_gal\synwork\address_decoder_comp.srs to C:\isplever_classic2_0\examples\gr48_byggern_isplever_gal\address_decoder.srs
compiler Completed
Return Code: 0
Run Time:0h:00m:01s

Running: Multi-srs Generator on address_decoder|gr48_byggern_isplever_gal
Copied C:\isplever_classic2_0\examples\gr48_byggern_isplever_gal\synwork\address_decoder_comp.srs to C:\isplever_classic2_0\examples\gr48_byggern_isplever_gal\synwork\address_decoder_s.srs
multi_srs_gen Completed
Return Code: 0
Run Time:0h:00m:00s
Copied C:\isplever_classic2_0\examples\gr48_byggern_isplever_gal\synwork\address_decoder_mult.srs to C:\isplever_classic2_0\examples\gr48_byggern_isplever_gal\address_decoder.srs
Copied C:\isplever_classic2_0\examples\gr48_byggern_isplever_gal\address_decoder.srr to C:\isplever_classic2_0\examples\gr48_byggern_isplever_gal\address_decoder.srf
Complete: Compile Process on address_decoder|gr48_byggern_isplever_gal
Complete: Compile on address_decoder|gr48_byggern_isplever_gal

Running: Map on address_decoder|gr48_byggern_isplever_gal

Running: Map & Optimize on address_decoder|gr48_byggern_isplever_gal
fpga_mapper Completed
Return Code: 0
Run Time:0h:00m:00s
Complete: Map on address_decoder|gr48_byggern_isplever_gal
Complete: Logic Synthesis on address_decoder|gr48_byggern_isplever_gal

exit status=0

exit status=0

